Release 13.4 - xst O.87xd (nt)
Copyright (c) 1995-2011 Xilinx, Inc.  All rights reserved.
--> Parameter TMPDIR set to xst/projnav.tmp


Total REAL time to Xst completion: 0.00 secs
Total CPU time to Xst completion: 0.23 secs
 
--> Parameter xsthdpdir set to xst


Total REAL time to Xst completion: 0.00 secs
Total CPU time to Xst completion: 0.24 secs
 
--> Reading design: bpm_ddc.prj

TABLE OF CONTENTS
  1) Synthesis Options Summary
  2) HDL Parsing
  3) HDL Elaboration
  4) HDL Synthesis
       4.1) HDL Synthesis Report
  5) Advanced HDL Synthesis
       5.1) Advanced HDL Synthesis Report
  6) Low Level Synthesis
  7) Partition Report
  8) Design Summary
       8.1) Primitive and Black Box Usage
       8.2) Device utilization summary
       8.3) Partition Resource Summary
       8.4) Timing Report
            8.4.1) Clock Information
            8.4.2) Asynchronous Control Signals Information
            8.4.3) Timing Summary
            8.4.4) Timing Details
            8.4.5) Cross Clock Domains Report


=========================================================================
*                      Synthesis Options Summary                        *
=========================================================================
---- Source Parameters
Input File Name                    : "bpm_ddc.prj"
Ignore Synthesis Constraint File   : NO

---- Target Parameters
Output File Name                   : "bpm_ddc"
Output Format                      : NGC
Target Device                      : xc6vlx240t-1-ff1156

---- Source Options
Top Module Name                    : bpm_ddc
Automatic FSM Extraction           : YES
FSM Encoding Algorithm             : Auto
Safe Implementation                : No
FSM Style                          : LUT
RAM Extraction                     : Yes
RAM Style                          : Auto
ROM Extraction                     : Yes
Shift Register Extraction          : YES
ROM Style                          : Auto
Resource Sharing                   : YES
Asynchronous To Synchronous        : NO
Shift Register Minimum Size        : 2
Use DSP Block                      : Auto
Automatic Register Balancing       : No

---- Target Options
LUT Combining                      : Auto
Reduce Control Sets                : Auto
Add IO Buffers                     : YES
Global Maximum Fanout              : 100000
Add Generic Clock Buffer(BUFG)     : 32
Register Duplication               : YES
Optimize Instantiated Primitives   : NO
Use Clock Enable                   : Auto
Use Synchronous Set                : Auto
Use Synchronous Reset              : Auto
Pack IO Registers into IOBs        : Auto
Equivalent register Removal        : YES

---- General Options
Optimization Goal                  : Speed
Optimization Effort                : 1
Power Reduction                    : NO
Keep Hierarchy                     : No
Netlist Hierarchy                  : As_Optimized
RTL Output                         : Yes
Global Optimization                : AllClockNets
Read Cores                         : YES
Write Timing Constraints           : NO
Cross Clock Analysis               : NO
Hierarchy Separator                : /
Bus Delimiter                      : <>
Case Specifier                     : Maintain
Slice Utilization Ratio            : 100
BRAM Utilization Ratio             : 100
DSP48 Utilization Ratio            : 100
Auto BRAM Packing                  : NO
Slice Utilization Ratio Delta      : 5

=========================================================================

INFO:Xst - Part-select index evaluated to out of bound value may lead to incorrect synthesis results; it is recommended not to use them in RTL

=========================================================================
*                          HDL Parsing                                  *
=========================================================================
Parsing VHDL file "D:\LR\Xilinx_projects\BPM_HDL_DDC\ipcore_dir\dds_adc_multiplier.vhd" into library work
Parsing entity <dds_adc_multiplier>.
Parsing architecture <dds_adc_multiplier_a> of entity <dds_adc_multiplier>.
Parsing VHDL file "D:\LR\Xilinx_projects\BPM_HDL_DDC\ipcore_dir\dds.vhd" into library work
Parsing entity <dds>.
Parsing architecture <dds_a> of entity <dds>.
Parsing VHDL file "D:\LR\Xilinx_projects\BPM_HDL_DDC\bpm_ddc_pkg.vhd" into library work
Parsing package <bpm_ddc_pkg>.
Parsing VHDL file "D:\LR\Xilinx_projects\BPM_HDL_DDC\bpm_ddc.vhd" into library work
Parsing entity <bpm_ddc>.
Parsing architecture <rtl> of entity <bpm_ddc>.

=========================================================================
*                            HDL Elaboration                            *
=========================================================================

Elaborating entity <bpm_ddc> (architecture <rtl>) from library <work>.

Elaborating entity <dds> (architecture <dds_a>) from library <work>.

Elaborating entity <dds_adc_multiplier> (architecture <dds_adc_multiplier_a>) from library <work>.

=========================================================================
*                           HDL Synthesis                               *
=========================================================================

Synthesizing Unit <bpm_ddc>.
    Related source file is "d:/lr/xilinx_projects/bpm_hdl_ddc/bpm_ddc.vhd".
INFO:Xst:3210 - "d:/lr/xilinx_projects/bpm_hdl_ddc/bpm_ddc.vhd" line 86: Output port <p> of the instance <cmp_dds_adc_multiplier_i> is unconnected or connected to loadless signal.
INFO:Xst:3210 - "d:/lr/xilinx_projects/bpm_hdl_ddc/bpm_ddc.vhd" line 97: Output port <p> of the instance <cmp_dds_adc_multiplier_q> is unconnected or connected to loadless signal.
    Summary:
	no macro.
Unit <bpm_ddc> synthesized.

=========================================================================
HDL Synthesis Report

Found no macro
=========================================================================

=========================================================================
*                       Advanced HDL Synthesis                          *
=========================================================================


=========================================================================
Advanced HDL Synthesis Report

Found no macro
=========================================================================

=========================================================================
*                         Low Level Synthesis                           *
=========================================================================

Optimizing unit <bpm_ddc> ...

Mapping all equations...
Building and optimizing final netlist ...
Found area constraint ratio of 100 (+ 5) on block bpm_ddc, actual ratio is 0.

Final Macro Processing ...

=========================================================================
Final Register Report

Found no macro
=========================================================================

=========================================================================
*                           Partition Report                            *
=========================================================================

Partition Implementation Status
-------------------------------

  No Partitions were found in this design.

-------------------------------

=========================================================================
*                            Design Summary                             *
=========================================================================

Top Level Output File Name         : bpm_ddc.ngc

Primitive and Black Box Usage:
------------------------------
# IO Buffers                       : 17
#      IBUF                        : 17
# Others                           : 3
#      dds                         : 1
#      dds_adc_multiplier          : 2

Device utilization summary:
---------------------------

Selected Device : 6vlx240tff1156-1 


Slice Logic Utilization: 

Slice Logic Distribution: 
 Number of LUT Flip Flop pairs used:      0
   Number with an unused Flip Flop:       0  out of      0         
   Number with an unused LUT:             0  out of      0         
   Number of fully used LUT-FF pairs:     0  out of      0         
   Number of unique control sets:         0

IO Utilization: 
 Number of IOs:                          90
 Number of bonded IOBs:                  17  out of    600     2%  

Specific Feature Utilization:

---------------------------
Partition Resource Summary:
---------------------------

  No Partitions were found in this design.

---------------------------


=========================================================================
Timing Report

NOTE: THESE TIMING NUMBERS ARE ONLY A SYNTHESIS ESTIMATE.
      FOR ACCURATE TIMING INFORMATION PLEASE REFER TO THE TRACE REPORT
      GENERATED AFTER PLACE-and-ROUTE.

Clock Information:
------------------
No clock signals found in this design

Asynchronous Control Signals Information:
----------------------------------------
No asynchronous control signals found in this design

Timing Summary:
---------------
Speed Grade: -1

   Minimum period: No path found
   Minimum input arrival time before clock: No path found
   Maximum output required time after clock: No path found
   Maximum combinational path delay: 0.003ns

Timing Details:
---------------
All values displayed in nanoseconds (ns)

=========================================================================
Timing constraint: Default path analysis
  Total number of paths / destination ports: 69 / 69
-------------------------------------------------------------------------
Delay:               0.003ns (Levels of Logic = 1)
  Source:            adc_data_i<15> (PAD)
  Destination:       cmp_dds_adc_multiplier_i:a<15> (PAD)

  Data Path: adc_data_i<15> to cmp_dds_adc_multiplier_i:a<15>
                                Gate     Net
    Cell:in->out      fanout   Delay   Delay  Logical Name (Net Name)
    ----------------------------------------  ------------
     IBUF:I->O             0   0.003   0.000  adc_data_i_15_IBUF (adc_data_i_15_IBUF)
    dds_adc_multiplier:a<15>        0.000          cmp_dds_adc_multiplier_i
    ----------------------------------------
    Total                      0.003ns (0.003ns logic, 0.000ns route)
                                       (100.0% logic, 0.0% route)

=========================================================================

Cross Clock Domains Report:
--------------------------

=========================================================================


Total REAL time to Xst completion: 6.00 secs
Total CPU time to Xst completion: 6.52 secs
 
--> 

Total memory usage is 208108 kilobytes

Number of errors   :    0 (   0 filtered)
Number of warnings :    0 (   0 filtered)
Number of infos    :    3 (   0 filtered)

