ISim log file
Running: D:\LR\Xilinx_projects\BPM_HDL_DDC\USER_LOGIC_TB_isim_beh.exe -intstyle ise -gui -tclbatch isim.cmd -wdb D:/LR/Xilinx_projects/BPM_HDL_DDC/USER_LOGIC_TB_isim_beh.wdb 
ISim O.87xd (signature 0x2f00eba5)
This is a Full version of ISim.
Time resolution is 1 ps
# onerror resume
# wave add /
# run 1000 ns
Simulator is doing circuit initialization process.
at 0 ps, Instance /user_logic_tb/cmp_bpm_ddc/cmp_cha_ddc_pipe/cmp_cic_decimator_i/U0/ : Warning: There is an 'U'|'X'|'W'|'Z'|'-' in an arithmetic operand, the result will be 'X'(es).
Finished circuit initialization process.
at 0 ps, Instance /user_logic_tb/cmp_bpm_ddc/cmp_cha_ddc_pipe/cmp_mixer_i/U0/ : Warning: There is an 'U'|'X'|'W'|'Z'|'-' in an arithmetic operand, the result will be 'X'(es).
at 0 ps, Instance /user_logic_tb/cmp_bpm_ddc/cmp_cha_ddc_pipe/cmp_mixer_q/U0/ : Warning: There is an 'U'|'X'|'W'|'Z'|'-' in an arithmetic operand, the result will be 'X'(es).
at 0 ps, Instance /user_logic_tb/cmp_bpm_ddc/cmp_chb_ddc_pipe/cmp_mixer_i/U0/ : Warning: There is an 'U'|'X'|'W'|'Z'|'-' in an arithmetic operand, the result will be 'X'(es).
at 0 ps, Instance /user_logic_tb/cmp_bpm_ddc/cmp_chb_ddc_pipe/cmp_mixer_q/U0/ : Warning: There is an 'U'|'X'|'W'|'Z'|'-' in an arithmetic operand, the result will be 'X'(es).
at 0 ps, Instance /user_logic_tb/cmp_bpm_ddc/cmp_cha_ddc_pipe/cmp_mixer_i/U0/ : Warning: There is an 'U'|'X'|'W'|'Z'|'-' in an arithmetic operand, the result will be 'X'(es).
at 0 ps, Instance /user_logic_tb/cmp_bpm_ddc/cmp_cha_ddc_pipe/cmp_mixer_q/U0/ : Warning: There is an 'U'|'X'|'W'|'Z'|'-' in an arithmetic operand, the result will be 'X'(es).
at 0 ps, Instance /user_logic_tb/cmp_bpm_ddc/cmp_chb_ddc_pipe/cmp_mixer_i/U0/ : Warning: There is an 'U'|'X'|'W'|'Z'|'-' in an arithmetic operand, the result will be 'X'(es).
at 0 ps, Instance /user_logic_tb/cmp_bpm_ddc/cmp_chb_ddc_pipe/cmp_mixer_q/U0/ : Warning: There is an 'U'|'X'|'W'|'Z'|'-' in an arithmetic operand, the result will be 'X'(es).
at 0 ps, Instance /user_logic_tb/cmp_bpm_ddc/cmp_cha_ddc_pipe/cmp_mixer_q/U0/ : Warning: There is an 'U'|'X'|'W'|'Z'|'-' in an arithmetic operand, the result will be 'X'(es).
at 0 ps, Instance /user_logic_tb/cmp_bpm_ddc/cmp_cha_ddc_pipe/cmp_mixer_i/U0/ : Warning: There is an 'U'|'X'|'W'|'Z'|'-' in an arithmetic operand, the result will be 'X'(es).
at 0 ps, Instance /user_logic_tb/cmp_bpm_ddc/cmp_chb_ddc_pipe/cmp_mixer_q/U0/ : Warning: There is an 'U'|'X'|'W'|'Z'|'-' in an arithmetic operand, the result will be 'X'(es).
at 0 ps, Instance /user_logic_tb/cmp_bpm_ddc/cmp_chb_ddc_pipe/cmp_mixer_i/U0/ : Warning: There is an 'U'|'X'|'W'|'Z'|'-' in an arithmetic operand, the result will be 'X'(es).
at 0 ps, Instance /user_logic_tb/cmp_bpm_ddc/cmp_cha_ddc_pipe/cmp_mixer_q/U0/ : Warning: There is an 'U'|'X'|'W'|'Z'|'-' in an arithmetic operand, the result will be 'X'(es).
at 0 ps, Instance /user_logic_tb/cmp_bpm_ddc/cmp_cha_ddc_pipe/cmp_mixer_i/U0/ : Warning: There is an 'U'|'X'|'W'|'Z'|'-' in an arithmetic operand, the result will be 'X'(es).
at 0 ps, Instance /user_logic_tb/cmp_bpm_ddc/cmp_chb_ddc_pipe/cmp_mixer_q/U0/ : Warning: There is an 'U'|'X'|'W'|'Z'|'-' in an arithmetic operand, the result will be 'X'(es).
at 0 ps, Instance /user_logic_tb/cmp_bpm_ddc/cmp_chb_ddc_pipe/cmp_mixer_i/U0/ : Warning: There is an 'U'|'X'|'W'|'Z'|'-' in an arithmetic operand, the result will be 'X'(es).
at 0 ps, Instance /user_logic_tb/cmp_bpm_ddc/cmp_delta_sigma/fixed_point_divider_inst_x/U0_i_synth_i_zero_fract_i_synth_opt_high_radix_i_zero_fract_i_high_radix_i_prescaler_gEMBEDDED_MULT_gEMB_MULTS_only_gDSP_iDSP_use_DSP48E_appDSP48E_0_bppDSP48E_1_use_dsp48e1_iDSP48E1/ : Warning: There is an 'U'|'X'|'W'|'Z'|'-' in an arithmetic operand, the result will be 'X'(es).
at 0 ps, Instance /user_logic_tb/cmp_bpm_ddc/cmp_delta_sigma/fixed_point_divider_inst_x/U0_i_synth_i_zero_fract_i_synth_opt_high_radix_i_zero_fract_i_high_radix_i_prescaler_gEMBEDDED_MULT_gEMB_MULTS_only_gDSP_iDSP_use_DSP48E_appDSP48E_0_bppDSP48E_1_use_dsp48e1_iDSP48E1/ : Warning: There is an 'U'|'X'|'W'|'Z'|'-' in an arithmetic operand, the result will be 'X'(es).
at 0 ps, Instance /user_logic_tb/cmp_bpm_ddc/cmp_delta_sigma/fixed_point_divider_inst_x/U0_i_synth_i_zero_fract_i_synth_opt_high_radix_i_zero_fract_i_high_radix_i_prescaler_gEMBEDDED_MULT_gEMB_MULTS_only_gDSP_iDSP_use_DSP48E_appDSP48E_0_bppDSP48E_1_use_dsp48e1_iDSP48E1/ : Warning: There is an 'U'|'X'|'W'|'Z'|'-' in an arithmetic operand, the result will be 'X'(es).
at 0 ps, Instance /user_logic_tb/cmp_bpm_ddc/cmp_delta_sigma/fixed_point_divider_inst_y/U0_i_synth_i_zero_fract_i_synth_opt_high_radix_i_zero_fract_i_high_radix_i_prescaler_gEMBEDDED_MULT_gEMB_MULTS_only_gDSP_iDSP_use_DSP48E_appDSP48E_0_bppDSP48E_1_use_dsp48e1_iDSP48E1/ : Warning: There is an 'U'|'X'|'W'|'Z'|'-' in an arithmetic operand, the result will be 'X'(es).
at 0 ps, Instance /user_logic_tb/cmp_bpm_ddc/cmp_delta_sigma/fixed_point_divider_inst_y/U0_i_synth_i_zero_fract_i_synth_opt_high_radix_i_zero_fract_i_high_radix_i_prescaler_gEMBEDDED_MULT_gEMB_MULTS_only_gDSP_iDSP_use_DSP48E_appDSP48E_0_bppDSP48E_1_use_dsp48e1_iDSP48E1/ : Warning: There is an 'U'|'X'|'W'|'Z'|'-' in an arithmetic operand, the result will be 'X'(es).
at 0 ps, Instance /user_logic_tb/cmp_bpm_ddc/cmp_delta_sigma/fixed_point_divider_inst_y/U0_i_synth_i_zero_fract_i_synth_opt_high_radix_i_zero_fract_i_high_radix_i_prescaler_gEMBEDDED_MULT_gEMB_MULTS_only_gDSP_iDSP_use_DSP48E_appDSP48E_0_bppDSP48E_1_use_dsp48e1_iDSP48E1/ : Warning: There is an 'U'|'X'|'W'|'Z'|'-' in an arithmetic operand, the result will be 'X'(es).
at 0 ps, Instance /user_logic_tb/cmp_bpm_ddc/cmp_delta_sigma/fixed_point_divider_inst_z/U0_i_synth_i_zero_fract_i_synth_opt_high_radix_i_zero_fract_i_high_radix_i_prescaler_gEMBEDDED_MULT_gEMB_MULTS_only_gDSP_iDSP_use_DSP48E_appDSP48E_0_bppDSP48E_1_use_dsp48e1_iDSP48E1/ : Warning: There is an 'U'|'X'|'W'|'Z'|'-' in an arithmetic operand, the result will be 'X'(es).
at 0 ps, Instance /user_logic_tb/cmp_bpm_ddc/cmp_delta_sigma/fixed_point_divider_inst_z/U0_i_synth_i_zero_fract_i_synth_opt_high_radix_i_zero_fract_i_high_radix_i_prescaler_gEMBEDDED_MULT_gEMB_MULTS_only_gDSP_iDSP_use_DSP48E_appDSP48E_0_bppDSP48E_1_use_dsp48e1_iDSP48E1/ : Warning: There is an 'U'|'X'|'W'|'Z'|'-' in an arithmetic operand, the result will be 'X'(es).
at 0 ps, Instance /user_logic_tb/cmp_bpm_ddc/cmp_delta_sigma/fixed_point_divider_inst_z/U0_i_synth_i_zero_fract_i_synth_opt_high_radix_i_zero_fract_i_high_radix_i_prescaler_gEMBEDDED_MULT_gEMB_MULTS_only_gDSP_iDSP_use_DSP48E_appDSP48E_0_bppDSP48E_1_use_dsp48e1_iDSP48E1/ : Warning: There is an 'U'|'X'|'W'|'Z'|'-' in an arithmetic operand, the result will be 'X'(es).
at 100 ps(3), Instance /user_logic_tb/cmp_bpm_ddc/cmp_delta_sigma/fixed_point_divider_inst_x/U0_i_synth_i_zero_fract_i_synth_opt_high_radix_i_zero_fract_i_high_radix_i_prescaler_gEMBEDDED_MULT_gEMB_MULTS_only_gDSP_iDSP_use_DSP48E_appDSP48E_0_bppDSP48E_1_use_dsp48e1_iDSP48E1/ : Warning: There is an 'U'|'X'|'W'|'Z'|'-' in an arithmetic operand, the result will be 'X'(es).
at 100 ps(3), Instance /user_logic_tb/cmp_bpm_ddc/cmp_delta_sigma/fixed_point_divider_inst_x/U0_i_synth_i_zero_fract_i_synth_opt_high_radix_i_zero_fract_i_high_radix_i_prescaler_gEMBEDDED_MULT_gEMB_MULTS_only_gDSP_iDSP_use_DSP48E_appDSP48E_0_bppDSP48E_1_use_dsp48e1_iDSP48E1/ : Warning: There is an 'U'|'X'|'W'|'Z'|'-' in an arithmetic operand, the result will be 'X'(es).
at 100 ps(3), Instance /user_logic_tb/cmp_bpm_ddc/cmp_delta_sigma/fixed_point_divider_inst_x/U0_i_synth_i_zero_fract_i_synth_opt_high_radix_i_zero_fract_i_high_radix_i_prescaler_gEMBEDDED_MULT_gEMB_MULTS_only_gDSP_iDSP_use_DSP48E_appDSP48E_0_bppDSP48E_1_use_dsp48e1_iDSP48E1/ : Warning: There is an 'U'|'X'|'W'|'Z'|'-' in an arithmetic operand, the result will be 'X'(es).
at 100 ps(3), Instance /user_logic_tb/cmp_bpm_ddc/cmp_delta_sigma/fixed_point_divider_inst_y/U0_i_synth_i_zero_fract_i_synth_opt_high_radix_i_zero_fract_i_high_radix_i_prescaler_gEMBEDDED_MULT_gEMB_MULTS_only_gDSP_iDSP_use_DSP48E_appDSP48E_0_bppDSP48E_1_use_dsp48e1_iDSP48E1/ : Warning: There is an 'U'|'X'|'W'|'Z'|'-' in an arithmetic operand, the result will be 'X'(es).
at 100 ps(3), Instance /user_logic_tb/cmp_bpm_ddc/cmp_delta_sigma/fixed_point_divider_inst_y/U0_i_synth_i_zero_fract_i_synth_opt_high_radix_i_zero_fract_i_high_radix_i_prescaler_gEMBEDDED_MULT_gEMB_MULTS_only_gDSP_iDSP_use_DSP48E_appDSP48E_0_bppDSP48E_1_use_dsp48e1_iDSP48E1/ : Warning: There is an 'U'|'X'|'W'|'Z'|'-' in an arithmetic operand, the result will be 'X'(es).
at 100 ps(3), Instance /user_logic_tb/cmp_bpm_ddc/cmp_delta_sigma/fixed_point_divider_inst_y/U0_i_synth_i_zero_fract_i_synth_opt_high_radix_i_zero_fract_i_high_radix_i_prescaler_gEMBEDDED_MULT_gEMB_MULTS_only_gDSP_iDSP_use_DSP48E_appDSP48E_0_bppDSP48E_1_use_dsp48e1_iDSP48E1/ : Warning: There is an 'U'|'X'|'W'|'Z'|'-' in an arithmetic operand, the result will be 'X'(es).
at 100 ps(3), Instance /user_logic_tb/cmp_bpm_ddc/cmp_delta_sigma/fixed_point_divider_inst_z/U0_i_synth_i_zero_fract_i_synth_opt_high_radix_i_zero_fract_i_high_radix_i_prescaler_gEMBEDDED_MULT_gEMB_MULTS_only_gDSP_iDSP_use_DSP48E_appDSP48E_0_bppDSP48E_1_use_dsp48e1_iDSP48E1/ : Warning: There is an 'U'|'X'|'W'|'Z'|'-' in an arithmetic operand, the result will be 'X'(es).
at 100 ps(3), Instance /user_logic_tb/cmp_bpm_ddc/cmp_delta_sigma/fixed_point_divider_inst_z/U0_i_synth_i_zero_fract_i_synth_opt_high_radix_i_zero_fract_i_high_radix_i_prescaler_gEMBEDDED_MULT_gEMB_MULTS_only_gDSP_iDSP_use_DSP48E_appDSP48E_0_bppDSP48E_1_use_dsp48e1_iDSP48E1/ : Warning: There is an 'U'|'X'|'W'|'Z'|'-' in an arithmetic operand, the result will be 'X'(es).
at 100 ps(3), Instance /user_logic_tb/cmp_bpm_ddc/cmp_delta_sigma/fixed_point_divider_inst_z/U0_i_synth_i_zero_fract_i_synth_opt_high_radix_i_zero_fract_i_high_radix_i_prescaler_gEMBEDDED_MULT_gEMB_MULTS_only_gDSP_iDSP_use_DSP48E_appDSP48E_0_bppDSP48E_1_use_dsp48e1_iDSP48E1/ : Warning: There is an 'U'|'X'|'W'|'Z'|'-' in an arithmetic operand, the result will be 'X'(es).
at 105820 ps(9), Instance /user_logic_tb/cmp_bpm_ddc/cmp_cha_ddc_pipe/cmp_mixer_q/U0/ : Warning: There is an 'U'|'X'|'W'|'Z'|'-' in an arithmetic operand, the result will be 'X'(es).
at 105820 ps(9), Instance /user_logic_tb/cmp_bpm_ddc/cmp_cha_ddc_pipe/cmp_mixer_i/U0/ : Warning: There is an 'U'|'X'|'W'|'Z'|'-' in an arithmetic operand, the result will be 'X'(es).
at 105820 ps(9), Instance /user_logic_tb/cmp_bpm_ddc/cmp_chb_ddc_pipe/cmp_mixer_q/U0/ : Warning: There is an 'U'|'X'|'W'|'Z'|'-' in an arithmetic operand, the result will be 'X'(es).
at 105820 ps(9), Instance /user_logic_tb/cmp_bpm_ddc/cmp_chb_ddc_pipe/cmp_mixer_i/U0/ : Warning: There is an 'U'|'X'|'W'|'Z'|'-' in an arithmetic operand, the result will be 'X'(es).
