WARNING:EDK:4058 - INSTANCE: ETHERNET_dma, BUS_INTERFACE: M_AXI_SG -  is not
   connected to any slave. 
WARNING:EDK:4058 - INSTANCE: ETHERNET_dma, BUS_INTERFACE: M_AXI_MM2S -  is not
   connected to any slave. 
WARNING:EDK:4058 - INSTANCE: ETHERNET_dma, BUS_INTERFACE: M_AXI_S2MM -  is not
   connected to any slave. 
WARNING:EDK:4058 - INSTANCE: XBPM_DDC_dma, BUS_INTERFACE: M_AXI_S2MM -  is not
   connected to any slave. 

Checking platform configuration ...
IPNAME: lmb_v10, INSTANCE: microblaze_0_ilmb - 1 master(s) : 1 slave(s) 
IPNAME: lmb_v10, INSTANCE: microblaze_0_dlmb - 1 master(s) : 1 slave(s) 
IPNAME: axi_interconnect, INSTANCE: axi4lite_0 - 1 master(s) : 12 slave(s) 
IPNAME: axi_interconnect, INSTANCE: axi4_0 - 7 master(s) : 1 slave(s) 

Checking port drivers...
WARNING:EDK:4181 - PORT: mm2s_prmry_reset_out_n, CONNECTOR: RESET_OUT_N -
   floating connection -
   C:\Xilinx\13.4\ISE_DS\EDK\hw\XilinxProcessorIPLib\pcores\axi_dma_v5_00_a\data
   \axi_dma_v2_1_0.mpd line 210 
WARNING:EDK:4181 - PORT: mm2s_cntrl_reset_out_n, CONNECTOR: RESET_OUT_N -
   floating connection -
   C:\Xilinx\13.4\ISE_DS\EDK\hw\XilinxProcessorIPLib\pcores\axi_dma_v5_00_a\data
   \axi_dma_v2_1_0.mpd line 216 
WARNING:EDK:4181 - PORT: s2mm_prmry_reset_out_n, CONNECTOR: RESET_OUT_N -
   floating connection -
   C:\Xilinx\13.4\ISE_DS\EDK\hw\XilinxProcessorIPLib\pcores\axi_dma_v5_00_a\data
   \axi_dma_v2_1_0.mpd line 238 
WARNING:EDK:4181 - PORT: s2mm_sts_reset_out_n, CONNECTOR: RESET_OUT_N - floating
   connection -
   C:\Xilinx\13.4\ISE_DS\EDK\hw\XilinxProcessorIPLib\pcores\axi_dma_v5_00_a\data
   \axi_dma_v2_1_0.mpd line 244 
WARNING:EDK:4181 - PORT: mm2s_prmry_reset_out_n, CONNECTOR: RESET_OUT_N -
   floating connection -
   C:\Xilinx\13.4\ISE_DS\EDK\hw\XilinxProcessorIPLib\pcores\axi_dma_v5_00_a\data
   \axi_dma_v2_1_0.mpd line 210 
WARNING:EDK:4181 - PORT: mm2s_cntrl_reset_out_n, CONNECTOR: RESET_OUT_N -
   floating connection -
   C:\Xilinx\13.4\ISE_DS\EDK\hw\XilinxProcessorIPLib\pcores\axi_dma_v5_00_a\data
   \axi_dma_v2_1_0.mpd line 216 
WARNING:EDK:4181 - PORT: s2mm_prmry_reset_out_n, CONNECTOR: RESET_OUT_N -
   floating connection -
   C:\Xilinx\13.4\ISE_DS\EDK\hw\XilinxProcessorIPLib\pcores\axi_dma_v5_00_a\data
   \axi_dma_v2_1_0.mpd line 238 
WARNING:EDK:4181 - PORT: s2mm_sts_reset_out_n, CONNECTOR: RESET_OUT_N - floating
   connection -
   C:\Xilinx\13.4\ISE_DS\EDK\hw\XilinxProcessorIPLib\pcores\axi_dma_v5_00_a\data
   \axi_dma_v2_1_0.mpd line 244 

Performing Clock DRCs...

Performing Reset DRCs...

Overriding system level properties...

INFO: Setting C_RANGE_CHECK = ON for axi_interconnect axi4lite_0.

INFO: Setting C_RANGE_CHECK = OFF for axi_interconnect axi4_0; no DECERR
checking will be performed.

Running system level update procedures...

Running UPDATE Tcl procedures for OPTION SYSLEVEL_UPDATE_PROC...
Invoking MIG ...
MIG returned 0

Running system level DRCs...

Performing System level DRCs on properties...

Running DRC Tcl procedures for OPTION SYSLEVEL_DRC_PROC...
Chipscope Integrate Controller, instance 'chipscope_icon', exists in System 
Chipscope Integrate Controller, instance 'chipscope_icon', exists in System 
Chipscope Integrate Controller, instance 'chipscope_icon', exists in System 
Conversion to XML complete.
