SET_PARAMETER outtlastbehv Null
SET_PARAMETER dividend_and_quotient_width 26
SET_PARAMETER aresetn false
SET_PARAMETER dividend_has_tlast false
SET_PARAMETER divisor_has_tuser false
SET_PARAMETER aclken false
SET_PARAMETER divisor_has_tlast false
SET_PARAMETER remainder_type Fractional
SET_PARAMETER divisor_width 26
SET_PARAMETER algorithm_type High_Radix
SET_PARAMETER clocks_per_division 1
SET_PARAMETER optimizegoal Performance
SET_PARAMETER component_name fixed_point_divider
SET_PARAMETER outtready true
SET_PARAMETER dividend_tuser_width 1
SET_PARAMETER fractional_width 26
SET_PARAMETER latency 34
SET_PARAMETER operand_sign Signed
SET_PARAMETER divisor_tuser_width 1
SET_PARAMETER divide_by_zero_detect false
SET_PARAMETER dividend_has_tuser false
SET_PARAMETER latency_configuration Automatic
SET_PARAMETER flowcontrol Blocking
SET_ERROR_CODE 2
SET_ERROR_MSG  CANCEL: Customization cancelled.
SET_ERROR_TEXT Finished initializing IP model.	
